<?xml version="1.0" encoding="UTF-8"?>
<testsuite xmlns:xsi="http://www.w3.org/2001/XMLSchema-instance" xsi:noNamespaceSchemaLocation="https://maven.apache.org/surefire/maven-surefire-plugin/xsd/surefire-test-report-3.0.xsd" version="3.0" name="org.example.FechaTest" time="0.008" tests="13" errors="0" skipped="0" failures="0">
  <properties>
    <property name="java.specification.version" value="17"/>
    <property name="sun.jnu.encoding" value="UTF-8"/>
    <property name="java.class.path" value="/Users/matthewmccrackin/Downloads/Testing/untitled/target/test-classes:/Users/matthewmccrackin/Downloads/Testing/untitled/target/classes:/Users/matthewmccrackin/.m2/repository/org/junit/jupiter/junit-jupiter-api/5.8.2/junit-jupiter-api-5.8.2.jar:/Users/matthewmccrackin/.m2/repository/org/opentest4j/opentest4j/1.2.0/opentest4j-1.2.0.jar:/Users/matthewmccrackin/.m2/repository/org/junit/platform/junit-platform-commons/1.8.2/junit-platform-commons-1.8.2.jar:/Users/matthewmccrackin/.m2/repository/org/apiguardian/apiguardian-api/1.1.2/apiguardian-api-1.1.2.jar:/Users/matthewmccrackin/.m2/repository/org/junit/jupiter/junit-jupiter-engine/5.8.2/junit-jupiter-engine-5.8.2.jar:/Users/matthewmccrackin/.m2/repository/org/junit/platform/junit-platform-engine/1.8.2/junit-platform-engine-1.8.2.jar:/Users/matthewmccrackin/.m2/repository/org/mockito/mockito-inline/4.10.0/mockito-inline-4.10.0.jar:/Users/matthewmccrackin/.m2/repository/org/mockito/mockito-core/4.10.0/mockito-core-4.10.0.jar:/Users/matthewmccrackin/.m2/repository/net/bytebuddy/byte-buddy/1.12.19/byte-buddy-1.12.19.jar:/Users/matthewmccrackin/.m2/repository/net/bytebuddy/byte-buddy-agent/1.12.19/byte-buddy-agent-1.12.19.jar:/Users/matthewmccrackin/.m2/repository/org/objenesis/objenesis/3.3/objenesis-3.3.jar:"/>
    <property name="java.vm.vendor" value="Amazon.com Inc."/>
    <property name="sun.arch.data.model" value="64"/>
    <property name="sun.font.fontmanager" value="sun.font.CFontManager"/>
    <property name="java.vendor.url" value="https://aws.amazon.com/corretto/"/>
    <property name="user.timezone" value="America/New_York"/>
    <property name="os.name" value="Mac OS X"/>
    <property name="java.vm.specification.version" value="17"/>
    <property name="sun.java.launcher" value="SUN_STANDARD"/>
    <property name="user.country" value="US"/>
    <property name="sun.boot.library.path" value="/Users/matthewmccrackin/Library/Java/JavaVirtualMachines/corretto-17.0.13/Contents/Home/lib"/>
    <property name="sun.java.command" value="/Users/matthewmccrackin/Downloads/Testing/untitled/target/surefire/surefirebooter9983327110558973518.jar /Users/matthewmccrackin/Downloads/Testing/untitled/target/surefire 2024-11-25T00-09-00_202-jvmRun1 surefire14158221174955030278tmp surefire_01611558614907560619tmp"/>
    <property name="http.nonProxyHosts" value="local|*.local|169.254/16|*.169.254/16"/>
    <property name="jdk.debug" value="release"/>
    <property name="surefire.test.class.path" value="/Users/matthewmccrackin/Downloads/Testing/untitled/target/test-classes:/Users/matthewmccrackin/Downloads/Testing/untitled/target/classes:/Users/matthewmccrackin/.m2/repository/org/junit/jupiter/junit-jupiter-api/5.8.2/junit-jupiter-api-5.8.2.jar:/Users/matthewmccrackin/.m2/repository/org/opentest4j/opentest4j/1.2.0/opentest4j-1.2.0.jar:/Users/matthewmccrackin/.m2/repository/org/junit/platform/junit-platform-commons/1.8.2/junit-platform-commons-1.8.2.jar:/Users/matthewmccrackin/.m2/repository/org/apiguardian/apiguardian-api/1.1.2/apiguardian-api-1.1.2.jar:/Users/matthewmccrackin/.m2/repository/org/junit/jupiter/junit-jupiter-engine/5.8.2/junit-jupiter-engine-5.8.2.jar:/Users/matthewmccrackin/.m2/repository/org/junit/platform/junit-platform-engine/1.8.2/junit-platform-engine-1.8.2.jar:/Users/matthewmccrackin/.m2/repository/org/mockito/mockito-inline/4.10.0/mockito-inline-4.10.0.jar:/Users/matthewmccrackin/.m2/repository/org/mockito/mockito-core/4.10.0/mockito-core-4.10.0.jar:/Users/matthewmccrackin/.m2/repository/net/bytebuddy/byte-buddy/1.12.19/byte-buddy-1.12.19.jar:/Users/matthewmccrackin/.m2/repository/net/bytebuddy/byte-buddy-agent/1.12.19/byte-buddy-agent-1.12.19.jar:/Users/matthewmccrackin/.m2/repository/org/objenesis/objenesis/3.3/objenesis-3.3.jar:"/>
    <property name="sun.cpu.endian" value="little"/>
    <property name="user.home" value="/Users/matthewmccrackin"/>
    <property name="user.language" value="en"/>
    <property name="java.specification.vendor" value="Oracle Corporation"/>
    <property name="java.version.date" value="2024-10-15"/>
    <property name="java.home" value="/Users/matthewmccrackin/Library/Java/JavaVirtualMachines/corretto-17.0.13/Contents/Home"/>
    <property name="file.separator" value="/"/>
    <property name="basedir" value="/Users/matthewmccrackin/Downloads/Testing/untitled"/>
    <property name="java.vm.compressedOopsMode" value="Zero based"/>
    <property name="line.separator" value="&#10;"/>
    <property name="java.vm.specification.vendor" value="Oracle Corporation"/>
    <property name="java.specification.name" value="Java Platform API Specification"/>
    <property name="surefire.real.class.path" value="/Users/matthewmccrackin/Downloads/Testing/untitled/target/surefire/surefirebooter9983327110558973518.jar"/>
    <property name="sun.management.compiler" value="HotSpot 64-Bit Tiered Compilers"/>
    <property name="ftp.nonProxyHosts" value="local|*.local|169.254/16|*.169.254/16"/>
    <property name="java.runtime.version" value="17.0.13+11-LTS"/>
    <property name="user.name" value="matthewmccrackin"/>
    <property name="path.separator" value=":"/>
    <property name="os.version" value="14.4.1"/>
    <property name="java.runtime.name" value="OpenJDK Runtime Environment"/>
    <property name="file.encoding" value="UTF-8"/>
    <property name="java.vm.name" value="OpenJDK 64-Bit Server VM"/>
    <property name="java.vendor.version" value="Corretto-17.0.13.11.1"/>
    <property name="localRepository" value="/Users/matthewmccrackin/.m2/repository"/>
    <property name="java.vendor.url.bug" value="https://github.com/corretto/corretto-17/issues/"/>
    <property name="java.io.tmpdir" value="/var/folders/8t/l2jkv8113z95qdy_wnhn9ddr0000gn/T/"/>
    <property name="idea.version" value="2024.3"/>
    <property name="java.version" value="17.0.13"/>
    <property name="user.dir" value="/Users/matthewmccrackin/Downloads/Testing/untitled"/>
    <property name="os.arch" value="aarch64"/>
    <property name="java.vm.specification.name" value="Java Virtual Machine Specification"/>
    <property name="native.encoding" value="UTF-8"/>
    <property name="java.library.path" value="/Users/matthewmccrackin/Library/Java/Extensions:/Library/Java/Extensions:/Network/Library/Java/Extensions:/System/Library/Java/Extensions:/usr/lib/java:."/>
    <property name="java.vm.info" value="mixed mode, sharing"/>
    <property name="java.vendor" value="Amazon.com Inc."/>
    <property name="java.vm.version" value="17.0.13+11-LTS"/>
    <property name="java.specification.maintenance.version" value="1"/>
    <property name="sun.io.unicode.encoding" value="UnicodeBig"/>
    <property name="socksNonProxyHosts" value="local|*.local|169.254/16|*.169.254/16"/>
    <property name="java.class.version" value="61.0"/>
  </properties>
  <testcase name="esValida_NoValida_FebreroNoBisiesto" classname="org.example.FechaTest" time="0.001"/>
  <testcase name="getDia" classname="org.example.FechaTest" time="0.001"/>
  <testcase name="getMes" classname="org.example.FechaTest" time="0"/>
  <testcase name="testToString" classname="org.example.FechaTest" time="0"/>
  <testcase name="setDia" classname="org.example.FechaTest" time="0"/>
  <testcase name="setMes" classname="org.example.FechaTest" time="0"/>
  <testcase name="esValida_NoValida_MesInvalido" classname="org.example.FechaTest" time="0"/>
  <testcase name="getAnio" classname="org.example.FechaTest" time="0.001"/>
  <testcase name="esValida_NoValida_AnioInvalido" classname="org.example.FechaTest" time="0.001"/>
  <testcase name="esValida_NoValida_DiaInvalido" classname="org.example.FechaTest" time="0"/>
  <testcase name="esValida" classname="org.example.FechaTest" time="0"/>
  <testcase name="setAnio" classname="org.example.FechaTest" time="0"/>
  <testcase name="esValida_Valida" classname="org.example.FechaTest" time="0"/>
</testsuite>